<?xml version="1.0" encoding="UTF-8"?>
<!-- Generated by org.testng.reporters.JUnitReportReporter -->
<testsuite hostname="DESKTOP-EC1712N" failures="0" tests="3" name="testNGPack.Pra_TestNG" time="0.032" errors="0" timestamp="2019-12-24T16:05:16 IST" skipped="1">
  <testcase classname="testNGPack.Pra_TestNG" name="Test_case03" time="0.028"/>
  <testcase classname="testNGPack.Pra_TestNG" name="Test_case01" time="0.004"/>
  <testcase classname="testNGPack.Pra_TestNG" name="Test_case02">
    <skipped/>
  </testcase> <!-- Test_case02 -->
</testsuite> <!-- testNGPack.Pra_TestNG -->
