<?xml version="1.0" encoding="UTF-8"?>
<!-- Generated by org.testng.reporters.JUnitReportReporter -->
<testsuite hostname="DESKTOP-EC1712N" failures="0" tests="3" name="wedDriver.MultiSelect" time="26.498" errors="0" timestamp="2019-12-27T20:31:56 IST" skipped="2">
  <testcase classname="wedDriver.MultiSelect" name="MultiSelect3" time="26.498"/>
  <testcase classname="wedDriver.MultiSelect" name="multiselectoptions">
    <skipped/>
  </testcase> <!-- multiselectoptions -->
  <testcase classname="wedDriver.MultiSelect" name="MiltiSelect2">
    <skipped/>
  </testcase> <!-- MiltiSelect2 -->
</testsuite> <!-- wedDriver.MultiSelect -->
