<?xml version="1.0" encoding="UTF-8"?>
<!-- Generated by org.testng.reporters.JUnitReportReporter -->
<testsuite hostname="DESKTOP-EC1712N" failures="0" tests="2" name="testNGPack.AssertionsDemo" time="8.646" errors="0" timestamp="2019-12-25T08:24:50 IST" skipped="0">
  <testcase classname="testNGPack.AssertionsDemo" name="TC_001" time="8.644"/>
  <testcase classname="testNGPack.AssertionsDemo" name="TC_002" time="0.002"/>
</testsuite> <!-- testNGPack.AssertionsDemo -->
