<?xml version="1.0" encoding="UTF-8"?>
<!-- Generated by org.testng.reporters.JUnitReportReporter -->
<testsuite hostname="DESKTOP-EC1712N" failures="0" tests="3" name="testNGPack.Tc_Leave" time="0.005" errors="0" timestamp="2019-12-24T16:08:07 IST" skipped="1">
  <testcase classname="testNGPack.Tc_Leave" name="TCo02" time="0.003"/>
  <testcase classname="testNGPack.Tc_Leave" name="TCo03" time="0.002"/>
  <testcase classname="testNGPack.Tc_Leave" name="TCo01">
    <skipped/>
  </testcase> <!-- TCo01 -->
</testsuite> <!-- testNGPack.Tc_Leave -->
