<?xml version="1.0" encoding="UTF-8"?>
<!-- Generated by org.testng.reporters.JUnitReportReporter -->
<testsuite hostname="DESKTOP-EC1712N" failures="0" tests="3" name="testNGPack.TC_Myinfo" time="0.012" errors="0" timestamp="2019-12-24T16:08:07 IST" skipped="0">
  <testcase classname="testNGPack.TC_Myinfo" name="TCo01" time="0.006"/>
  <testcase classname="testNGPack.TC_Myinfo" name="TCo02" time="0.004"/>
  <testcase classname="testNGPack.TC_Myinfo" name="TCo03" time="0.002"/>
</testsuite> <!-- testNGPack.TC_Myinfo -->
